<?xml version="1.0" encoding="UTF-8"?>
<testng-results ignored="0" total="1" passed="1" failed="0" skipped="0">
  <reporter-output>
  </reporter-output>
  <suite started-at="2024-10-20T13:14:43 IST" name="Default suite" finished-at="2024-10-20T13:14:52 IST" duration-ms="9135">
    <groups>
    </groups>
    <test started-at="2024-10-20T13:14:43 IST" name="Default test" finished-at="2024-10-20T13:14:52 IST" duration-ms="9135">
      <class name="Test_m.Blazedemo_regTest">
        <test-method is-config="true" signature="set()[pri:0, instance:Test_m.Blazedemo_regTest@6bd61f98]" started-at="2024-10-20T13:14:43 IST" name="set" finished-at="2024-10-20T13:14:49 IST" duration-ms="5774" status="PASS">
          <reporter-output>
          </reporter-output>
        </test-method> <!-- set -->
        <test-method is-config="true" signature="url()[pri:0, instance:Test_m.Blazedemo_regTest@6bd61f98]" started-at="2024-10-20T13:14:49 IST" name="url" finished-at="2024-10-20T13:14:51 IST" duration-ms="2114" status="PASS">
          <reporter-output>
          </reporter-output>
        </test-method> <!-- url -->
        <test-method signature="test11()[pri:0, instance:Test_m.Blazedemo_regTest@6bd61f98]" started-at="2024-10-20T13:14:51 IST" name="test11" finished-at="2024-10-20T13:14:52 IST" duration-ms="1215" status="PASS">
          <reporter-output>
          </reporter-output>
        </test-method> <!-- test11 -->
      </class> <!-- Test_m.Blazedemo_regTest -->
    </test> <!-- Default test -->
  </suite> <!-- Default suite -->
</testng-results>
